<?xml version="1.0" encoding="UTF-8"?>
<!-- Generated by org.testng.reporters.JUnitReportReporter -->
<testsuite skipped="0" hostname="USVAWXMCSNP287" name="com.test.tests.WorldOMeter" tests="1" failures="0" timestamp="24 Jun 2022 17:33:49 GMT" time="32.248" errors="0">
  <testcase name="worldOMeterTest" time="32.248" classname="com.test.tests.WorldOMeter"/>
</testsuite> <!-- com.test.tests.WorldOMeter -->
