<?xml version="1.0" encoding="UTF-8"?>
<!-- Generated by org.testng.reporters.JUnitReportReporter -->
<testsuite hostname="USVAWXMCSNP343" failures="0" tests="1" name="com.test.tests.JavascriptExecutorTest" time="13.305" errors="0" timestamp="26 Jul 2022 14:51:58 GMT" skipped="0">
  <testcase classname="com.test.tests.JavascriptExecutorTest" name="findListOfComponents" time="13.305"/>
</testsuite> <!-- com.test.tests.JavascriptExecutorTest -->
