<?xml version="1.0" encoding="UTF-8"?>
<!-- Generated by org.testng.reporters.JUnitReportReporter -->
<testsuite hostname="USVAWXMCSNP168" failures="0" tests="7" name="com.test.tests.ThreadPoolSizeTest" time="39.735" errors="0" timestamp="01 Aug 2022 08:46:08 GMT" skipped="1">
  <testcase classname="com.test.tests.ThreadPoolSizeTest" name="launchChrome" time="7.010"/>
  <testcase classname="com.test.tests.ThreadPoolSizeTest" name="launchChrome" time="7.136"/>
  <testcase classname="com.test.tests.ThreadPoolSizeTest" name="launchChrome" time="6.223"/>
  <testcase classname="com.test.tests.ThreadPoolSizeTest" name="launchChrome" time="6.329"/>
  <testcase classname="com.test.tests.ThreadPoolSizeTest" name="launchChrome" time="7.042"/>
  <testcase classname="com.test.tests.ThreadPoolSizeTest" name="launchChrome" time="5.995"/>
  <testcase classname="com.test.tests.ThreadPoolSizeTest" name="quitChrome">
    <skipped/>
  </testcase> <!-- quitChrome -->
</testsuite> <!-- com.test.tests.ThreadPoolSizeTest -->
