<?xml version="1.0" encoding="UTF-8"?>
<!-- Generated by org.testng.reporters.JUnitReportReporter -->
<testsuite hostname="USVAWXMCSNP343" failures="0" tests="2" name="com.test.tests.TestDataProvided2" time="0.014" errors="0" timestamp="25 Jul 2022 15:46:29 GMT" skipped="0">
  <testcase classname="com.test.tests.TestDataProvided2" name="testDataProvider" time="0.001"/>
  <testcase classname="com.test.tests.TestDataProvided2" name="testDataProvider" time="0.013"/>
</testsuite> <!-- com.test.tests.TestDataProvided2 -->
