<?xml version="1.0" encoding="UTF-8"?>
<!-- Generated by org.testng.reporters.JUnitReportReporter -->
<testsuite hostname="USVAWXMCSNP464" failures="0" tests="3" name="com.test.tests.TestDataProvider" time="37.024" errors="0" timestamp="13 May 2022 09:20:19 GMT" skipped="0">
  <testcase classname="com.test.tests.TestDataProvider" name="testLogin" time="12.725"/>
  <testcase classname="com.test.tests.TestDataProvider" name="testLogin" time="11.879"/>
  <testcase classname="com.test.tests.TestDataProvider" name="testLogin" time="12.420"/>
</testsuite> <!-- com.test.tests.TestDataProvider -->
