<?xml version="1.0" encoding="UTF-8"?>
<!-- Generated by org.testng.reporters.JUnitReportReporter -->
<testsuite hostname="USVAWXMCSNP343" failures="0" tests="6" name="com.test.tests.FactoryAnnotation2" time="0.021" errors="0" timestamp="25 Jul 2022 18:33:09 GMT" skipped="0">
  <testcase classname="com.test.tests.FactoryAnnotation2" name="PrintSuccessfullMessage" time="0.001"/>
  <testcase classname="com.test.tests.FactoryAnnotation2" name="PrintMsg" time="0.001"/>
  <testcase classname="com.test.tests.FactoryAnnotation2" name="PrintSuccessfullMessage" time="0.003"/>
  <testcase classname="com.test.tests.FactoryAnnotation2" name="PrintMsg" time="0.002"/>
  <testcase classname="com.test.tests.FactoryAnnotation2" name="PrintMsg" time="0.011"/>
  <testcase classname="com.test.tests.FactoryAnnotation2" name="PrintMsg" time="0.003"/>
</testsuite> <!-- com.test.tests.FactoryAnnotation2 -->
