<?xml version="1.0" encoding="UTF-8"?>
<!-- Generated by org.testng.reporters.JUnitReportReporter -->
<testsuite hostname="USVAWXMCSNP554" failures="0" tests="2" name="com.test.tests.FindPriceTest" time="0.136" errors="0" timestamp="16 Jul 2022 18:10:25 GMT" skipped="0">
  <testcase classname="com.test.tests.FindPriceTest" name="findPrice" time="0.065"/>
  <testcase classname="com.test.tests.FindPriceTest" name="findOption" time="0.071"/>
</testsuite> <!-- com.test.tests.FindPriceTest -->
